Using pre-set license
Built from '2020.3/staging' branch; Version is '2020.3.10f1 (297d780c91bc) revision 2719096'; Using compiler version '192528614'; Build Type 'Release'
OS: 'Windows 8.1  (6.3.0) 64bit' Language: 'ru' Physical Memory: 8065 MB
BatchMode: 1, IsHumanControllingUs: 0, StartBugReporterOnCrash: 0, Is64bit: 1, IsPro: 0

 COMMAND LINE ARGUMENTS:
C:\Program Files\Unity\Hub\Editor\2020.3.10f1\Editor\Unity.exe
-adb2
-batchMode
-noUpm
-name
AssetImportWorker0
-projectPath
C:/Users/Dithrich/GitHub/Data-Persistence-Project
-logFile
Logs/AssetImportWorker0.log
-srvPort
61046
Successfully changed project path to: C:/Users/Dithrich/GitHub/Data-Persistence-Project
C:/Users/Dithrich/GitHub/Data-Persistence-Project
Using Asset Import Pipeline V2.
Refreshing native plugins compatible for Editor in 119.28 ms, found 2 plugins.
Preloading 0 native plugins for Editor in 0.00 ms.
Initialize engine version: 2020.3.10f1 (297d780c91bc)
[Subsystems] Discovering subsystems at path C:/Program Files/Unity/Hub/Editor/2020.3.10f1/Editor/Data/Resources/UnitySubsystems
[Subsystems] Discovering subsystems at path C:/Users/Dithrich/GitHub/Data-Persistence-Project/Assets
GfxDevice: creating device client; threaded=0
d3d11: QueryInterface(IDXGIFactory5) failed (80004002).
Direct3D:
    Version:  Direct3D 11.0 [level 11.1]
    Renderer: Intel(R) HD Graphics 520 (ID=0x1916)
    Vendor:   
    VRAM:     3840 MB
    Driver:   21.20.16.5077
Shader 'Universal Render Pipeline/Particles/Lit': fallback shader 'Universal Render Pipeline/Particles/SimpleLit' not found
Initialize mono
Mono path[0] = 'C:/Program Files/Unity/Hub/Editor/2020.3.10f1/Editor/Data/Managed'
Mono path[1] = 'C:/Program Files/Unity/Hub/Editor/2020.3.10f1/Editor/Data/MonoBleedingEdge/lib/mono/unityjit'
Mono config path = 'C:/Program Files/Unity/Hub/Editor/2020.3.10f1/Editor/Data/MonoBleedingEdge/etc'
Using monoOptions --debugger-agent=transport=dt_socket,embedding=1,server=y,suspend=n,address=127.0.0.1:56752
Begin MonoManager ReloadAssembly
Registering precompiled unity dll's ...
Register platform support module: C:/Program Files/Unity/Hub/Editor/2020.3.10f1/Editor/Data/PlaybackEngines/WebGLSupport/UnityEditor.WebGL.Extensions.dll
Register platform support module: C:/Program Files/Unity/Hub/Editor/2020.3.10f1/Editor/Data/PlaybackEngines/WindowsStandaloneSupport/UnityEditor.WindowsStandalone.Extensions.dll
Registered in 0.002528 seconds.
Native extension for WindowsStandalone target not found
Native extension for WebGL target not found
Refreshing native plugins compatible for Editor in 168.88 ms, found 2 plugins.
Preloading 0 native plugins for Editor in 0.00 ms.
Mono: successfully reloaded assembly
- Completed reload, in  4.104 seconds
Platform modules already initialized, skipping
Registering precompiled user dll's ...
Registered in 0.004986 seconds.
Begin MonoManager ReloadAssembly
Native extension for WindowsStandalone target not found
Native extension for WebGL target not found
Refreshing native plugins compatible for Editor in 81.15 ms, found 2 plugins.
Preloading 0 native plugins for Editor in 0.00 ms.
Mono: successfully reloaded assembly
- Completed reload, in  2.647 seconds
Platform modules already initialized, skipping
========================================================================
Worker process is ready to serve import requests
Shader 'Universal Render Pipeline/Particles/Lit': fallback shader 'Universal Render Pipeline/Particles/SimpleLit' not found
Launched and connected shader compiler UnityShaderCompiler.exe after 0.06 seconds
Refreshing native plugins compatible for Editor in 1.09 ms, found 2 plugins.
Preloading 0 native plugins for Editor in 0.00 ms.
Unloading 2693 Unused Serialized files (Serialized files now loaded: 0)
System memory in use before: 121.6 MB.
System memory in use after: 121.8 MB.

Unloading 19 unused Assets to reduce memory usage. Loaded Objects now: 3125.
Total: 8.408407 ms (FindLiveObjects: 1.388978 ms CreateObjectMapping: 0.965396 ms MarkObjects: 5.899302 ms  DeleteObjects: 0.151646 ms)

========================================================================
Received Import Request.
  path: Assets/Bounce.physicMaterial
  artifactKey: Guid(bc24b7fc41d5dfb4698e2ca16a37dfad) Importer(815301076,1909f56bfc062723c751e8b465ee728b)
Start importing Assets/Bounce.physicMaterial using Guid(bc24b7fc41d5dfb4698e2ca16a37dfad) Importer(815301076,1909f56bfc062723c751e8b465ee728b)  -> (artifact id: '1403efc6be2392189457ff26c5d74ba4') in 0.102862 seconds
  Import took 0.111539 seconds .

========================================================================
Received Import Request.
  Time since last request: 191.216124 seconds.
  path: Assets/Scenes/main.unity
  artifactKey: Guid(78a510c781f19db4da14f78ebb30946a) Importer(815301076,1909f56bfc062723c751e8b465ee728b)
Start importing Assets/Scenes/main.unity using Guid(78a510c781f19db4da14f78ebb30946a) Importer(815301076,1909f56bfc062723c751e8b465ee728b)  -> (artifact id: 'e995457a0cc3240c5dbbb3c5378bbc7c') in 0.003907 seconds
  Import took 0.012857 seconds .

========================================================================
Received Import Request.
  Time since last request: 45.246496 seconds.
  path: Assets/Scenes
  artifactKey: Guid(b3d8a22b2eaae1048a5db3be5ce09cb2) Importer(815301076,1909f56bfc062723c751e8b465ee728b)
Start importing Assets/Scenes using Guid(b3d8a22b2eaae1048a5db3be5ce09cb2) Importer(815301076,1909f56bfc062723c751e8b465ee728b)  -> (artifact id: '9760701c150a809891aab1297b28c68d') in 0.003599 seconds
  Import took 0.011090 seconds .

========================================================================
Received Import Request.
  Time since last request: 0.005841 seconds.
  path: Assets/Scenes
  artifactKey: Guid(b3d8a22b2eaae1048a5db3be5ce09cb2) Importer(815301076,1909f56bfc062723c751e8b465ee728b)
Start importing Assets/Scenes using Guid(b3d8a22b2eaae1048a5db3be5ce09cb2) Importer(815301076,1909f56bfc062723c751e8b465ee728b)  -> (artifact id: '9760701c150a809891aab1297b28c68d') in 0.003970 seconds
  Import took 0.012570 seconds .

========================================================================
Received Import Request.
  Time since last request: 1.393903 seconds.
  path: Assets/Materials/Brick.mat
  artifactKey: Guid(5ece0b49f1ea03d41b4d2d9863527d99) Importer(815301076,1909f56bfc062723c751e8b465ee728b)
Start importing Assets/Materials/Brick.mat using Guid(5ece0b49f1ea03d41b4d2d9863527d99) Importer(815301076,1909f56bfc062723c751e8b465ee728b)  -> (artifact id: '6f1893116a2999acb4f169bfb1128c7e') in 0.585831 seconds
  Import took 0.593850 seconds .

========================================================================
Received Import Request.
  Time since last request: 0.000304 seconds.
  path: Assets/Materials/DeathZone.mat
  artifactKey: Guid(b171e0a86dd2cfb4d92092061cb1d5f1) Importer(815301076,1909f56bfc062723c751e8b465ee728b)
Start importing Assets/Materials/DeathZone.mat using Guid(b171e0a86dd2cfb4d92092061cb1d5f1) Importer(815301076,1909f56bfc062723c751e8b465ee728b)  -> (artifact id: 'fb252431dd7fd8d9e0a5dd737e4aa127') in 0.020662 seconds
  Import took 0.031237 seconds .

========================================================================
Received Import Request.
  Time since last request: 1.707680 seconds.
  path: Assets/Prefabs/BrickPrefab.prefab
  artifactKey: Guid(63f25b9733d2bcd4fa2ff6de1264c739) Importer(815301076,1909f56bfc062723c751e8b465ee728b)
Start importing Assets/Prefabs/BrickPrefab.prefab using Guid(63f25b9733d2bcd4fa2ff6de1264c739) Importer(815301076,1909f56bfc062723c751e8b465ee728b)  -> (artifact id: '14c0ab4629d45748b23c78283eedb89f') in 0.122851 seconds
  Import took 0.131797 seconds .

========================================================================
Received Import Request.
  Time since last request: 5.702738 seconds.
  path: Assets/Scripts/MainManager.cs
  artifactKey: Guid(d110623a642692246a42fbc2d8d89884) Importer(815301076,1909f56bfc062723c751e8b465ee728b)
Start importing Assets/Scripts/MainManager.cs using Guid(d110623a642692246a42fbc2d8d89884) Importer(815301076,1909f56bfc062723c751e8b465ee728b)  -> (artifact id: 'f40b51ca6a1f4ab1f392e76f352a0a64') in 0.024368 seconds
  Import took 0.031680 seconds .

========================================================================
Received Import Request.
  Time since last request: 0.017640 seconds.
  path: Assets/Scripts/MainManager.cs
  artifactKey: Guid(d110623a642692246a42fbc2d8d89884) Importer(815301076,1909f56bfc062723c751e8b465ee728b)
Start importing Assets/Scripts/MainManager.cs using Guid(d110623a642692246a42fbc2d8d89884) Importer(815301076,1909f56bfc062723c751e8b465ee728b)  -> (artifact id: 'f40b51ca6a1f4ab1f392e76f352a0a64') in 0.003853 seconds
  Import took 0.013379 seconds .

========================================================================
Received Prepare
Registering precompiled user dll's ...
Registered in 0.005043 seconds.
Begin MonoManager ReloadAssembly
Native extension for WindowsStandalone target not found
Native extension for WebGL target not found
Refreshing native plugins compatible for Editor in 0.99 ms, found 2 plugins.
Preloading 0 native plugins for Editor in 0.00 ms.
Mono: successfully reloaded assembly
- Completed reload, in  2.532 seconds
Platform modules already initialized, skipping
Shader 'Universal Render Pipeline/Particles/Lit': fallback shader 'Universal Render Pipeline/Particles/SimpleLit' not found
Refreshing native plugins compatible for Editor in 0.78 ms, found 2 plugins.
Preloading 0 native plugins for Editor in 0.00 ms.
Unloading 2584 Unused Serialized files (Serialized files now loaded: 0)
System memory in use before: 120.1 MB.
System memory in use after: 120.4 MB.

Unloading 14 unused Assets to reduce memory usage. Loaded Objects now: 3207.
Total: 5.097889 ms (FindLiveObjects: 0.551582 ms CreateObjectMapping: 0.325397 ms MarkObjects: 4.172075 ms  DeleteObjects: 0.045751 ms)

========================================================================
Received Import Request.
  Time since last request: 376.161468 seconds.
  path: Assets/Settings/ForwardRenderer.asset
  artifactKey: Guid(4a8e21d5c33334b11b34a596161b9360) Importer(815301076,1909f56bfc062723c751e8b465ee728b)
Start importing Assets/Settings/ForwardRenderer.asset using Guid(4a8e21d5c33334b11b34a596161b9360) Importer(815301076,1909f56bfc062723c751e8b465ee728b)  -> (artifact id: '2807e69f866dd67ed2ab5385a03bd32f') in 0.028463 seconds
  Import took 0.080352 seconds .

========================================================================
Received Import Request.
  Time since last request: 0.000336 seconds.
  path: Assets/Settings/UniversalRP-LowQuality.asset
  artifactKey: Guid(a31e9f9f9c9d4b9429ed0d1234e22103) Importer(815301076,1909f56bfc062723c751e8b465ee728b)
Start importing Assets/Settings/UniversalRP-LowQuality.asset using Guid(a31e9f9f9c9d4b9429ed0d1234e22103) Importer(815301076,1909f56bfc062723c751e8b465ee728b)  -> (artifact id: '177cecf847260b11228d82849888d535') in 0.013345 seconds
  Import took 0.022902 seconds .

========================================================================
Received Import Request.
  Time since last request: 4.047943 seconds.
  path: Assets/Prefabs
  artifactKey: Guid(1718969a30ed8214ba2c14d0c61a34b2) Importer(815301076,1909f56bfc062723c751e8b465ee728b)
Start importing Assets/Prefabs using Guid(1718969a30ed8214ba2c14d0c61a34b2) Importer(815301076,1909f56bfc062723c751e8b465ee728b)  -> (artifact id: '7c01d95dd067777c12863459940483ef') in 0.007063 seconds
  Import took 0.016406 seconds .

========================================================================
Received Import Request.
  Time since last request: 57.861557 seconds.
  path: Assets/Scenes/menu.unity
  artifactKey: Guid(7c3e31750f6ebc145a6e0797f8c3ef5e) Importer(815301076,1909f56bfc062723c751e8b465ee728b)
Start importing Assets/Scenes/menu.unity using Guid(7c3e31750f6ebc145a6e0797f8c3ef5e) Importer(815301076,1909f56bfc062723c751e8b465ee728b)  -> (artifact id: 'b6c8569b8055afc3354f8cbb0b27a4db') in 0.007470 seconds
  Import took 0.016459 seconds .

========================================================================
Received Prepare
Registering precompiled user dll's ...
Registered in 0.010196 seconds.
Begin MonoManager ReloadAssembly
Native extension for WindowsStandalone target not found
Native extension for WebGL target not found
Refreshing native plugins compatible for Editor in 0.89 ms, found 2 plugins.
Preloading 0 native plugins for Editor in 0.00 ms.
Mono: successfully reloaded assembly
- Completed reload, in  2.532 seconds
Platform modules already initialized, skipping
Shader 'Universal Render Pipeline/Particles/Lit': fallback shader 'Universal Render Pipeline/Particles/SimpleLit' not found
Refreshing native plugins compatible for Editor in 1.14 ms, found 2 plugins.
Preloading 0 native plugins for Editor in 0.00 ms.
Unloading 2599 Unused Serialized files (Serialized files now loaded: 0)
System memory in use before: 122.4 MB.
System memory in use after: 122.0 MB.

Unloading 27 unused Assets to reduce memory usage. Loaded Objects now: 3212.
Total: 8.505563 ms (FindLiveObjects: 0.598361 ms CreateObjectMapping: 0.299180 ms MarkObjects: 5.932201 ms  DeleteObjects: 1.669652 ms)

========================================================================
Received Prepare
Registering precompiled user dll's ...
Registered in 0.303383 seconds.
Begin MonoManager ReloadAssembly
Native extension for WindowsStandalone target not found
Native extension for WebGL target not found
Refreshing native plugins compatible for Editor in 1.07 ms, found 2 plugins.
Preloading 0 native plugins for Editor in 0.00 ms.
Mono: successfully reloaded assembly
- Completed reload, in  2.655 seconds
Platform modules already initialized, skipping
Shader 'Universal Render Pipeline/Particles/Lit': fallback shader 'Universal Render Pipeline/Particles/SimpleLit' not found
Refreshing native plugins compatible for Editor in 1.12 ms, found 2 plugins.
Preloading 0 native plugins for Editor in 0.00 ms.
Unloading 2597 Unused Serialized files (Serialized files now loaded: 0)
System memory in use before: 122.4 MB.
System memory in use after: 122.0 MB.

Unloading 27 unused Assets to reduce memory usage. Loaded Objects now: 3215.
Total: 4.813616 ms (FindLiveObjects: 0.392738 ms CreateObjectMapping: 0.216931 ms MarkObjects: 3.685778 ms  DeleteObjects: 0.516626 ms)

========================================================================
Received Import Request.
  Time since last request: 1256.355977 seconds.
  path: Assets/Settings
  artifactKey: Guid(0735c275001a2c84dafdb30deced5d8d) Importer(815301076,1909f56bfc062723c751e8b465ee728b)
Start importing Assets/Settings using Guid(0735c275001a2c84dafdb30deced5d8d) Importer(815301076,1909f56bfc062723c751e8b465ee728b)  -> (artifact id: 'cadd7ca10b5bf32e886eec457cf073a7') in 0.060434 seconds
  Import took 0.072510 seconds .

========================================================================
Received Import Request.
  Time since last request: 4.537548 seconds.
  path: Assets/Scripts
  artifactKey: Guid(02a3527b6b33a924e8ec66aa805ea717) Importer(815301076,1909f56bfc062723c751e8b465ee728b)
Start importing Assets/Scripts using Guid(02a3527b6b33a924e8ec66aa805ea717) Importer(815301076,1909f56bfc062723c751e8b465ee728b)  -> (artifact id: 'f0a913a0049096cde5d6a727232f232f') in 0.010794 seconds
  Import took 0.020144 seconds .

========================================================================
Received Import Request.
  Time since last request: 96.324986 seconds.
  path: Assets/Scripts/Game Manager.cs
  artifactKey: Guid(d90acec4897328d44b0ebb690328036c) Importer(815301076,1909f56bfc062723c751e8b465ee728b)
Start importing Assets/Scripts/Game Manager.cs using Guid(d90acec4897328d44b0ebb690328036c) Importer(815301076,1909f56bfc062723c751e8b465ee728b)  -> (artifact id: '093f249de0b7ccaa0f8676be70789f55') in 0.018934 seconds
  Import took 0.031031 seconds .

========================================================================
Received Import Request.
  Time since last request: 0.011075 seconds.
  path: Assets/Scripts/Game Manager.cs
  artifactKey: Guid(d90acec4897328d44b0ebb690328036c) Importer(815301076,1909f56bfc062723c751e8b465ee728b)
Start importing Assets/Scripts/Game Manager.cs using Guid(d90acec4897328d44b0ebb690328036c) Importer(815301076,1909f56bfc062723c751e8b465ee728b)  -> (artifact id: '093f249de0b7ccaa0f8676be70789f55') in 0.009411 seconds
  Import took 0.021101 seconds .

========================================================================
Received Prepare
Registering precompiled user dll's ...
Registered in 0.004951 seconds.
Begin MonoManager ReloadAssembly
Native extension for WindowsStandalone target not found
Native extension for WebGL target not found
Refreshing native plugins compatible for Editor in 0.73 ms, found 2 plugins.
Preloading 0 native plugins for Editor in 0.00 ms.
Mono: successfully reloaded assembly
- Completed reload, in  2.390 seconds
Platform modules already initialized, skipping
Shader 'Universal Render Pipeline/Particles/Lit': fallback shader 'Universal Render Pipeline/Particles/SimpleLit' not found
Refreshing native plugins compatible for Editor in 1.13 ms, found 2 plugins.
Preloading 0 native plugins for Editor in 0.00 ms.
Unloading 2598 Unused Serialized files (Serialized files now loaded: 0)
System memory in use before: 122.4 MB.
System memory in use after: 122.0 MB.

Unloading 27 unused Assets to reduce memory usage. Loaded Objects now: 3219.
Total: 8.889563 ms (FindLiveObjects: 1.336544 ms CreateObjectMapping: 0.755148 ms MarkObjects: 6.096699 ms  DeleteObjects: 0.698087 ms)

========================================================================
Received Prepare
Registering precompiled user dll's ...
Registered in 0.011448 seconds.
Begin MonoManager ReloadAssembly
Native extension for WindowsStandalone target not found
Native extension for WebGL target not found
Refreshing native plugins compatible for Editor in 4.20 ms, found 2 plugins.
Preloading 0 native plugins for Editor in 0.00 ms.
Mono: successfully reloaded assembly
- Completed reload, in  2.103 seconds
Platform modules already initialized, skipping
Shader 'Universal Render Pipeline/Particles/Lit': fallback shader 'Universal Render Pipeline/Particles/SimpleLit' not found
Refreshing native plugins compatible for Editor in 1.14 ms, found 2 plugins.
Preloading 0 native plugins for Editor in 0.00 ms.
Unloading 2597 Unused Serialized files (Serialized files now loaded: 0)
System memory in use before: 122.4 MB.
System memory in use after: 122.0 MB.

Unloading 28 unused Assets to reduce memory usage. Loaded Objects now: 3221.
Total: 6.743895 ms (FindLiveObjects: 0.686778 ms CreateObjectMapping: 0.377317 ms MarkObjects: 4.934419 ms  DeleteObjects: 0.741782 ms)

========================================================================
Received Import Request.
  Time since last request: 26.720685 seconds.
  path: Assets/Scripts/GameManager.cs
  artifactKey: Guid(5588e53788e1694408ff4afd077a8dc3) Importer(815301076,1909f56bfc062723c751e8b465ee728b)
Start importing Assets/Scripts/GameManager.cs using Guid(5588e53788e1694408ff4afd077a8dc3) Importer(815301076,1909f56bfc062723c751e8b465ee728b)  -> (artifact id: '883c15877dd93ee168203c3361488212') in 0.059128 seconds
  Import took 0.131618 seconds .

========================================================================
Received Prepare
Registering precompiled user dll's ...
Registered in 0.008009 seconds.
Begin MonoManager ReloadAssembly
Native extension for WindowsStandalone target not found
Native extension for WebGL target not found
Refreshing native plugins compatible for Editor in 0.73 ms, found 2 plugins.
Preloading 0 native plugins for Editor in 0.00 ms.
Mono: successfully reloaded assembly
- Completed reload, in  2.257 seconds
Platform modules already initialized, skipping
Shader 'Universal Render Pipeline/Particles/Lit': fallback shader 'Universal Render Pipeline/Particles/SimpleLit' not found
Refreshing native plugins compatible for Editor in 1.14 ms, found 2 plugins.
Preloading 0 native plugins for Editor in 0.00 ms.
Unloading 2598 Unused Serialized files (Serialized files now loaded: 0)
System memory in use before: 122.4 MB.
System memory in use after: 122.0 MB.

Unloading 27 unused Assets to reduce memory usage. Loaded Objects now: 3225.
Total: 6.698658 ms (FindLiveObjects: 0.656963 ms CreateObjectMapping: 0.369092 ms MarkObjects: 4.949327 ms  DeleteObjects: 0.719678 ms)

========================================================================
Received Import Request.
  Time since last request: 127.498103 seconds.
  path: Assets/Scripts/GameManager.cs
  artifactKey: Guid(5588e53788e1694408ff4afd077a8dc3) Importer(815301076,1909f56bfc062723c751e8b465ee728b)
Start importing Assets/Scripts/GameManager.cs using Guid(5588e53788e1694408ff4afd077a8dc3) Importer(815301076,1909f56bfc062723c751e8b465ee728b)  -> (artifact id: 'e5bf5f654a1ca0eed00cd2d52e190459') in 0.013524 seconds
  Import took 0.024569 seconds .

========================================================================
Received Import Request.
  Time since last request: 0.148624 seconds.
  path: Assets/Scripts/GameManager.cs
  artifactKey: Guid(5588e53788e1694408ff4afd077a8dc3) Importer(815301076,1909f56bfc062723c751e8b465ee728b)
Start importing Assets/Scripts/GameManager.cs using Guid(5588e53788e1694408ff4afd077a8dc3) Importer(815301076,1909f56bfc062723c751e8b465ee728b)  -> (artifact id: 'e5bf5f654a1ca0eed00cd2d52e190459') in 0.009263 seconds
  Import took 0.018641 seconds .

========================================================================
Received Prepare
Registering precompiled user dll's ...
Registered in 0.006305 seconds.
Begin MonoManager ReloadAssembly
Native extension for WindowsStandalone target not found
Native extension for WebGL target not found
Refreshing native plugins compatible for Editor in 1.09 ms, found 2 plugins.
Preloading 0 native plugins for Editor in 0.00 ms.
Mono: successfully reloaded assembly
- Completed reload, in  2.051 seconds
Platform modules already initialized, skipping
Shader 'Universal Render Pipeline/Particles/Lit': fallback shader 'Universal Render Pipeline/Particles/SimpleLit' not found
Refreshing native plugins compatible for Editor in 1.17 ms, found 2 plugins.
Preloading 0 native plugins for Editor in 0.00 ms.
Unloading 2598 Unused Serialized files (Serialized files now loaded: 0)
System memory in use before: 122.4 MB.
System memory in use after: 122.0 MB.

Unloading 27 unused Assets to reduce memory usage. Loaded Objects now: 3228.
Total: 7.938560 ms (FindLiveObjects: 0.631774 ms CreateObjectMapping: 0.933011 ms MarkObjects: 5.013584 ms  DeleteObjects: 1.357107 ms)

========================================================================
Received Import Request.
  Time since last request: 71.256658 seconds.
  path: Assets/Scripts/GameManager.cs
  artifactKey: Guid(5588e53788e1694408ff4afd077a8dc3) Importer(815301076,1909f56bfc062723c751e8b465ee728b)
Start importing Assets/Scripts/GameManager.cs using Guid(5588e53788e1694408ff4afd077a8dc3) Importer(815301076,1909f56bfc062723c751e8b465ee728b)  -> (artifact id: '401afeda80f41e969a0093a4a5b69699') in 0.011529 seconds
  Import took 0.024021 seconds .

========================================================================
Received Import Request.
  Time since last request: 0.160802 seconds.
  path: Assets/Scripts/GameManager.cs
  artifactKey: Guid(5588e53788e1694408ff4afd077a8dc3) Importer(815301076,1909f56bfc062723c751e8b465ee728b)
Start importing Assets/Scripts/GameManager.cs using Guid(5588e53788e1694408ff4afd077a8dc3) Importer(815301076,1909f56bfc062723c751e8b465ee728b)  -> (artifact id: '401afeda80f41e969a0093a4a5b69699') in 0.006658 seconds
  Import took 0.027127 seconds .

========================================================================
Received Prepare
Registering precompiled user dll's ...
Registered in 0.006892 seconds.
Begin MonoManager ReloadAssembly
Native extension for WindowsStandalone target not found
Native extension for WebGL target not found
Refreshing native plugins compatible for Editor in 0.87 ms, found 2 plugins.
Preloading 0 native plugins for Editor in 0.00 ms.
Mono: successfully reloaded assembly
- Completed reload, in  1.973 seconds
Platform modules already initialized, skipping
Shader 'Universal Render Pipeline/Particles/Lit': fallback shader 'Universal Render Pipeline/Particles/SimpleLit' not found
Refreshing native plugins compatible for Editor in 1.15 ms, found 2 plugins.
Preloading 0 native plugins for Editor in 0.00 ms.
Unloading 2598 Unused Serialized files (Serialized files now loaded: 0)
System memory in use before: 122.5 MB.
System memory in use after: 122.0 MB.

Unloading 27 unused Assets to reduce memory usage. Loaded Objects now: 3231.
Total: 7.170047 ms (FindLiveObjects: 1.175645 ms CreateObjectMapping: 0.348530 ms MarkObjects: 4.890725 ms  DeleteObjects: 0.751549 ms)

========================================================================
Received Import Request.
  Time since last request: 70.810829 seconds.
  path: Assets/Scripts/GameManager.cs
  artifactKey: Guid(5588e53788e1694408ff4afd077a8dc3) Importer(815301076,1909f56bfc062723c751e8b465ee728b)
Start importing Assets/Scripts/GameManager.cs using Guid(5588e53788e1694408ff4afd077a8dc3) Importer(815301076,1909f56bfc062723c751e8b465ee728b)  -> (artifact id: '9fad07fdb8fa74ba7ab379c92c6eb008') in 0.011206 seconds
  Import took 0.020876 seconds .

========================================================================
Received Import Request.
  Time since last request: 0.159561 seconds.
  path: Assets/Scripts/GameManager.cs
  artifactKey: Guid(5588e53788e1694408ff4afd077a8dc3) Importer(815301076,1909f56bfc062723c751e8b465ee728b)
Start importing Assets/Scripts/GameManager.cs using Guid(5588e53788e1694408ff4afd077a8dc3) Importer(815301076,1909f56bfc062723c751e8b465ee728b)  -> (artifact id: '9fad07fdb8fa74ba7ab379c92c6eb008') in 0.010992 seconds
  Import took 0.036073 seconds .

========================================================================
Received Prepare
Registering precompiled user dll's ...
Registered in 0.005409 seconds.
Begin MonoManager ReloadAssembly
Native extension for WindowsStandalone target not found
Native extension for WebGL target not found
Refreshing native plugins compatible for Editor in 0.72 ms, found 2 plugins.
Preloading 0 native plugins for Editor in 0.00 ms.
Mono: successfully reloaded assembly
- Completed reload, in  2.070 seconds
Platform modules already initialized, skipping
Shader 'Universal Render Pipeline/Particles/Lit': fallback shader 'Universal Render Pipeline/Particles/SimpleLit' not found
Refreshing native plugins compatible for Editor in 1.14 ms, found 2 plugins.
Preloading 0 native plugins for Editor in 0.00 ms.
Unloading 2598 Unused Serialized files (Serialized files now loaded: 0)
System memory in use before: 122.5 MB.
System memory in use after: 122.0 MB.

Unloading 27 unused Assets to reduce memory usage. Loaded Objects now: 3234.
Total: 9.268422 ms (FindLiveObjects: 0.913477 ms CreateObjectMapping: 0.545927 ms MarkObjects: 6.017020 ms  DeleteObjects: 1.789427 ms)

========================================================================
Received Import Request.
  Time since last request: 55.162589 seconds.
  path: Assets/Scripts/GameManager.cs
  artifactKey: Guid(5588e53788e1694408ff4afd077a8dc3) Importer(815301076,1909f56bfc062723c751e8b465ee728b)
Start importing Assets/Scripts/GameManager.cs using Guid(5588e53788e1694408ff4afd077a8dc3) Importer(815301076,1909f56bfc062723c751e8b465ee728b)  -> (artifact id: 'bf603252eae2045fb784c7b7b6136b8d') in 0.014405 seconds
  Import took 0.023761 seconds .

========================================================================
Received Import Request.
  Time since last request: 0.157584 seconds.
  path: Assets/Scripts/GameManager.cs
  artifactKey: Guid(5588e53788e1694408ff4afd077a8dc3) Importer(815301076,1909f56bfc062723c751e8b465ee728b)
Start importing Assets/Scripts/GameManager.cs using Guid(5588e53788e1694408ff4afd077a8dc3) Importer(815301076,1909f56bfc062723c751e8b465ee728b)  -> (artifact id: 'bf603252eae2045fb784c7b7b6136b8d') in 0.050309 seconds
  Import took 0.068028 seconds .

========================================================================
Received Import Request.
  Time since last request: 20.855779 seconds.
  path: Assets/Scripts/GameManager.cs
  artifactKey: Guid(5588e53788e1694408ff4afd077a8dc3) Importer(815301076,1909f56bfc062723c751e8b465ee728b)
Start importing Assets/Scripts/GameManager.cs using Guid(5588e53788e1694408ff4afd077a8dc3) Importer(815301076,1909f56bfc062723c751e8b465ee728b)  -> (artifact id: 'd694d3475176bda6804b00e2d3061701') in 0.007555 seconds
  Import took 0.015640 seconds .

========================================================================
Received Import Request.
  Time since last request: 50.492064 seconds.
  path: Assets/Scripts/GameManager.cs
  artifactKey: Guid(5588e53788e1694408ff4afd077a8dc3) Importer(815301076,1909f56bfc062723c751e8b465ee728b)
Start importing Assets/Scripts/GameManager.cs using Guid(5588e53788e1694408ff4afd077a8dc3) Importer(815301076,1909f56bfc062723c751e8b465ee728b)  -> (artifact id: '618a57c8988ed38261a26571f213c943') in 0.006508 seconds
  Import took 0.015042 seconds .

========================================================================
Received Prepare
Registering precompiled user dll's ...
Registered in 0.010525 seconds.
Begin MonoManager ReloadAssembly
Native extension for WindowsStandalone target not found
Native extension for WebGL target not found
Refreshing native plugins compatible for Editor in 0.79 ms, found 2 plugins.
Preloading 0 native plugins for Editor in 0.00 ms.
Mono: successfully reloaded assembly
- Completed reload, in  2.093 seconds
Platform modules already initialized, skipping
Shader 'Universal Render Pipeline/Particles/Lit': fallback shader 'Universal Render Pipeline/Particles/SimpleLit' not found
Refreshing native plugins compatible for Editor in 1.11 ms, found 2 plugins.
Preloading 0 native plugins for Editor in 0.00 ms.
Unloading 2598 Unused Serialized files (Serialized files now loaded: 0)
System memory in use before: 122.5 MB.
System memory in use after: 122.0 MB.

Unloading 27 unused Assets to reduce memory usage. Loaded Objects now: 3237.
Total: 10.762781 ms (FindLiveObjects: 0.924786 ms CreateObjectMapping: 0.466248 ms MarkObjects: 7.939588 ms  DeleteObjects: 1.429074 ms)

========================================================================
Received Import Request.
  Time since last request: 49.890048 seconds.
  path: Assets/Scripts/MainMenu
  artifactKey: Guid(0a7c91f2d43e9b744af1ae8108c0dab6) Importer(815301076,1909f56bfc062723c751e8b465ee728b)
Start importing Assets/Scripts/MainMenu using Guid(0a7c91f2d43e9b744af1ae8108c0dab6) Importer(815301076,1909f56bfc062723c751e8b465ee728b)  -> (artifact id: '29a18fb84c98fda46f53df0f97d5f65b') in 0.012132 seconds
  Import took 0.023516 seconds .

========================================================================
Received Import Request.
  Time since last request: 16.861684 seconds.
  path: Assets/Scripts/GameScreen
  artifactKey: Guid(dab4967b6c8f43541a4f0383c8366a75) Importer(815301076,1909f56bfc062723c751e8b465ee728b)
Start importing Assets/Scripts/GameScreen using Guid(dab4967b6c8f43541a4f0383c8366a75) Importer(815301076,1909f56bfc062723c751e8b465ee728b)  -> (artifact id: 'e751c8910cb649445d4f8d3163f572a3') in 0.017597 seconds
  Import took 0.027166 seconds .

========================================================================
Received Import Request.
  Time since last request: 3.035807 seconds.
  path: Assets/Scripts/Ball.cs
  artifactKey: Guid(9378aa3f6eac646479e54cd5932ffd3f) Importer(815301076,1909f56bfc062723c751e8b465ee728b)
Start importing Assets/Scripts/Ball.cs using Guid(9378aa3f6eac646479e54cd5932ffd3f) Importer(815301076,1909f56bfc062723c751e8b465ee728b)  -> (artifact id: 'fdb151d82a621a11fb14c30ddf13ad4a') in 0.006528 seconds
  Import took 0.016321 seconds .

========================================================================
Received Import Request.
  Time since last request: 2.515463 seconds.
  path: Assets/Scripts/Paddle.cs
  artifactKey: Guid(b1c141baad4ddf14a98c290342342cf6) Importer(815301076,1909f56bfc062723c751e8b465ee728b)
Start importing Assets/Scripts/Paddle.cs using Guid(b1c141baad4ddf14a98c290342342cf6) Importer(815301076,1909f56bfc062723c751e8b465ee728b)  -> (artifact id: '3e8d87ed4c063a3506435ae28642168f') in 0.007012 seconds
  Import took 0.017572 seconds .

========================================================================
Received Prepare
Registering precompiled user dll's ...
Registered in 0.005496 seconds.
Begin MonoManager ReloadAssembly
Native extension for WindowsStandalone target not found
Native extension for WebGL target not found
Refreshing native plugins compatible for Editor in 0.73 ms, found 2 plugins.
Preloading 0 native plugins for Editor in 0.00 ms.
Mono: successfully reloaded assembly
- Completed reload, in  2.098 seconds
Platform modules already initialized, skipping
Shader 'Universal Render Pipeline/Particles/Lit': fallback shader 'Universal Render Pipeline/Particles/SimpleLit' not found
Refreshing native plugins compatible for Editor in 1.16 ms, found 2 plugins.
Preloading 0 native plugins for Editor in 0.00 ms.
Unloading 2598 Unused Serialized files (Serialized files now loaded: 0)
System memory in use before: 122.5 MB.
System memory in use after: 122.0 MB.

Unloading 27 unused Assets to reduce memory usage. Loaded Objects now: 3240.
Total: 7.438898 ms (FindLiveObjects: 0.862585 ms CreateObjectMapping: 0.511999 ms MarkObjects: 5.291688 ms  DeleteObjects: 0.765943 ms)

========================================================================
Received Import Request.
  Time since last request: 23.789318 seconds.
  path: Assets/Scripts/MainMenu/MenuUIHandler.cs
  artifactKey: Guid(a7c93f2e878238145b67afec1ae73cfa) Importer(815301076,1909f56bfc062723c751e8b465ee728b)
Start importing Assets/Scripts/MainMenu/MenuUIHandler.cs using Guid(a7c93f2e878238145b67afec1ae73cfa) Importer(815301076,1909f56bfc062723c751e8b465ee728b)  -> (artifact id: 'a5a5519ed992d35c05c0419632c50dba') in 0.032429 seconds
  Import took 0.043610 seconds .

========================================================================
Received Import Request.
  Time since last request: 0.009757 seconds.
  path: Assets/Scripts/MainMenu/MenuUIHandler.cs
  artifactKey: Guid(a7c93f2e878238145b67afec1ae73cfa) Importer(815301076,1909f56bfc062723c751e8b465ee728b)
Start importing Assets/Scripts/MainMenu/MenuUIHandler.cs using Guid(a7c93f2e878238145b67afec1ae73cfa) Importer(815301076,1909f56bfc062723c751e8b465ee728b)  -> (artifact id: 'a5a5519ed992d35c05c0419632c50dba') in 0.013031 seconds
  Import took 0.022979 seconds .

========================================================================
Received Prepare
Registering precompiled user dll's ...
Registered in 0.008219 seconds.
Begin MonoManager ReloadAssembly
Native extension for WindowsStandalone target not found
Native extension for WebGL target not found
Refreshing native plugins compatible for Editor in 1.49 ms, found 2 plugins.
Preloading 0 native plugins for Editor in 0.00 ms.
Mono: successfully reloaded assembly
- Completed reload, in  2.325 seconds
Platform modules already initialized, skipping
Shader 'Universal Render Pipeline/Particles/Lit': fallback shader 'Universal Render Pipeline/Particles/SimpleLit' not found
Refreshing native plugins compatible for Editor in 1.18 ms, found 2 plugins.
Preloading 0 native plugins for Editor in 0.00 ms.
Unloading 2599 Unused Serialized files (Serialized files now loaded: 0)
System memory in use before: 122.5 MB.
System memory in use after: 122.1 MB.

Unloading 27 unused Assets to reduce memory usage. Loaded Objects now: 3244.
Total: 10.421448 ms (FindLiveObjects: 0.891372 ms CreateObjectMapping: 0.518682 ms MarkObjects: 7.865050 ms  DeleteObjects: 1.143260 ms)

========================================================================
Received Import Request.
  Time since last request: 90.004807 seconds.
  path: Assets/Scripts/MainMenu/MenuUIHandler.cs
  artifactKey: Guid(a7c93f2e878238145b67afec1ae73cfa) Importer(815301076,1909f56bfc062723c751e8b465ee728b)
Start importing Assets/Scripts/MainMenu/MenuUIHandler.cs using Guid(a7c93f2e878238145b67afec1ae73cfa) Importer(815301076,1909f56bfc062723c751e8b465ee728b)  -> (artifact id: '729fba905b3e4d910a18194fa2b193b5') in 0.017259 seconds
  Import took 0.027957 seconds .

========================================================================
Received Import Request.
  Time since last request: 0.040744 seconds.
  path: Assets/Scripts/MainMenu/MenuUIHandler.cs
  artifactKey: Guid(a7c93f2e878238145b67afec1ae73cfa) Importer(815301076,1909f56bfc062723c751e8b465ee728b)
Start importing Assets/Scripts/MainMenu/MenuUIHandler.cs using Guid(a7c93f2e878238145b67afec1ae73cfa) Importer(815301076,1909f56bfc062723c751e8b465ee728b)  -> (artifact id: '729fba905b3e4d910a18194fa2b193b5') in 0.006112 seconds
  Import took 0.015612 seconds .

========================================================================
Received Prepare
Registering precompiled user dll's ...
Registered in 0.006750 seconds.
Begin MonoManager ReloadAssembly
Native extension for WindowsStandalone target not found
Native extension for WebGL target not found
Refreshing native plugins compatible for Editor in 0.85 ms, found 2 plugins.
Preloading 0 native plugins for Editor in 0.00 ms.
Mono: successfully reloaded assembly
- Completed reload, in  2.000 seconds
Platform modules already initialized, skipping
Shader 'Universal Render Pipeline/Particles/Lit': fallback shader 'Universal Render Pipeline/Particles/SimpleLit' not found
Refreshing native plugins compatible for Editor in 1.12 ms, found 2 plugins.
Preloading 0 native plugins for Editor in 0.00 ms.
Unloading 2599 Unused Serialized files (Serialized files now loaded: 0)
System memory in use before: 122.5 MB.
System memory in use after: 122.1 MB.

Unloading 27 unused Assets to reduce memory usage. Loaded Objects now: 3247.
Total: 8.256246 ms (FindLiveObjects: 0.891886 ms CreateObjectMapping: 0.381943 ms MarkObjects: 6.208249 ms  DeleteObjects: 0.771597 ms)

========================================================================
Received Prepare
Registering precompiled user dll's ...
Registered in 0.006498 seconds.
Begin MonoManager ReloadAssembly
Native extension for WindowsStandalone target not found
Native extension for WebGL target not found
Refreshing native plugins compatible for Editor in 0.99 ms, found 2 plugins.
Preloading 0 native plugins for Editor in 0.00 ms.
Mono: successfully reloaded assembly
- Completed reload, in  2.109 seconds
Platform modules already initialized, skipping
Shader 'Universal Render Pipeline/Particles/Lit': fallback shader 'Universal Render Pipeline/Particles/SimpleLit' not found
Refreshing native plugins compatible for Editor in 1.28 ms, found 2 plugins.
Preloading 0 native plugins for Editor in 0.00 ms.
Unloading 2599 Unused Serialized files (Serialized files now loaded: 0)
System memory in use before: 122.5 MB.
System memory in use after: 122.1 MB.

Unloading 27 unused Assets to reduce memory usage. Loaded Objects now: 3250.
Total: 8.066046 ms (FindLiveObjects: 1.469171 ms CreateObjectMapping: 0.820947 ms MarkObjects: 5.026949 ms  DeleteObjects: 0.745895 ms)

========================================================================
Received Prepare
Registering precompiled user dll's ...
Registered in 0.006899 seconds.
Begin MonoManager ReloadAssembly
Native extension for WindowsStandalone target not found
Native extension for WebGL target not found
Refreshing native plugins compatible for Editor in 1.09 ms, found 2 plugins.
Preloading 0 native plugins for Editor in 0.00 ms.
Mono: successfully reloaded assembly
- Completed reload, in  2.071 seconds
Platform modules already initialized, skipping
Shader 'Universal Render Pipeline/Particles/Lit': fallback shader 'Universal Render Pipeline/Particles/SimpleLit' not found
Refreshing native plugins compatible for Editor in 1.13 ms, found 2 plugins.
Preloading 0 native plugins for Editor in 0.00 ms.
Unloading 2599 Unused Serialized files (Serialized files now loaded: 0)
System memory in use before: 122.5 MB.
System memory in use after: 122.1 MB.

Unloading 27 unused Assets to reduce memory usage. Loaded Objects now: 3253.
Total: 10.921625 ms (FindLiveObjects: 0.736128 ms CreateObjectMapping: 0.623035 ms MarkObjects: 8.794977 ms  DeleteObjects: 0.763887 ms)

========================================================================
Received Prepare
Registering precompiled user dll's ...
Registered in 0.005538 seconds.
Begin MonoManager ReloadAssembly
Native extension for WindowsStandalone target not found
Native extension for WebGL target not found
Refreshing native plugins compatible for Editor in 0.75 ms, found 2 plugins.
Preloading 0 native plugins for Editor in 0.00 ms.
Mono: successfully reloaded assembly
- Completed reload, in  2.461 seconds
Platform modules already initialized, skipping
Shader 'Universal Render Pipeline/Particles/Lit': fallback shader 'Universal Render Pipeline/Particles/SimpleLit' not found
Refreshing native plugins compatible for Editor in 1.19 ms, found 2 plugins.
Preloading 0 native plugins for Editor in 0.00 ms.
Unloading 2599 Unused Serialized files (Serialized files now loaded: 0)
System memory in use before: 122.5 MB.
System memory in use after: 122.1 MB.

Unloading 27 unused Assets to reduce memory usage. Loaded Objects now: 3256.
Total: 9.899682 ms (FindLiveObjects: 1.382809 ms CreateObjectMapping: 0.645654 ms MarkObjects: 6.239606 ms  DeleteObjects: 1.629042 ms)

========================================================================
Received Prepare
Registering precompiled user dll's ...
Registered in 0.006269 seconds.
Begin MonoManager ReloadAssembly
Native extension for WindowsStandalone target not found
Native extension for WebGL target not found
Refreshing native plugins compatible for Editor in 0.91 ms, found 2 plugins.
Preloading 0 native plugins for Editor in 0.00 ms.
Mono: successfully reloaded assembly
- Completed reload, in  2.049 seconds
Platform modules already initialized, skipping
Shader 'Universal Render Pipeline/Particles/Lit': fallback shader 'Universal Render Pipeline/Particles/SimpleLit' not found
Refreshing native plugins compatible for Editor in 1.16 ms, found 2 plugins.
Preloading 0 native plugins for Editor in 0.00 ms.
Unloading 2599 Unused Serialized files (Serialized files now loaded: 0)
System memory in use before: 122.5 MB.
System memory in use after: 122.1 MB.

Unloading 27 unused Assets to reduce memory usage. Loaded Objects now: 3259.
Total: 6.545469 ms (FindLiveObjects: 0.620465 ms CreateObjectMapping: 0.319743 ms MarkObjects: 4.867078 ms  DeleteObjects: 0.736642 ms)

========================================================================
Received Prepare
Registering precompiled user dll's ...
Registered in 0.007021 seconds.
Begin MonoManager ReloadAssembly
Native extension for WindowsStandalone target not found
Native extension for WebGL target not found
Refreshing native plugins compatible for Editor in 0.79 ms, found 2 plugins.
Preloading 0 native plugins for Editor in 0.00 ms.
Mono: successfully reloaded assembly
- Completed reload, in  2.244 seconds
Platform modules already initialized, skipping
Shader 'Universal Render Pipeline/Particles/Lit': fallback shader 'Universal Render Pipeline/Particles/SimpleLit' not found
Refreshing native plugins compatible for Editor in 1.61 ms, found 2 plugins.
Preloading 0 native plugins for Editor in 0.00 ms.
Unloading 2599 Unused Serialized files (Serialized files now loaded: 0)
System memory in use before: 122.5 MB.
System memory in use after: 122.1 MB.

Unloading 27 unused Assets to reduce memory usage. Loaded Objects now: 3262.
Total: 10.193722 ms (FindLiveObjects: 0.628176 ms CreateObjectMapping: 0.499662 ms MarkObjects: 8.318961 ms  DeleteObjects: 0.744352 ms)

========================================================================
Received Prepare
Registering precompiled user dll's ...
Registered in 0.034720 seconds.
Begin MonoManager ReloadAssembly
Native extension for WindowsStandalone target not found
Native extension for WebGL target not found
Refreshing native plugins compatible for Editor in 0.79 ms, found 2 plugins.
Preloading 0 native plugins for Editor in 0.00 ms.
Mono: successfully reloaded assembly
- Completed reload, in  2.390 seconds
Platform modules already initialized, skipping
Shader 'Universal Render Pipeline/Particles/Lit': fallback shader 'Universal Render Pipeline/Particles/SimpleLit' not found
Refreshing native plugins compatible for Editor in 1.12 ms, found 2 plugins.
Preloading 0 native plugins for Editor in 0.00 ms.
Unloading 2599 Unused Serialized files (Serialized files now loaded: 0)
System memory in use before: 122.5 MB.
System memory in use after: 122.1 MB.

Unloading 27 unused Assets to reduce memory usage. Loaded Objects now: 3265.
Total: 6.544441 ms (FindLiveObjects: 0.605043 ms CreateObjectMapping: 0.351614 ms MarkObjects: 4.898950 ms  DeleteObjects: 0.687292 ms)

========================================================================
Received Import Request.
  Time since last request: 346.137227 seconds.
  path: Assets/TextMesh Pro/Resources/Style Sheets/Default Style Sheet.asset
  artifactKey: Guid(f952c082cb03451daed3ee968ac6c63e) Importer(815301076,1909f56bfc062723c751e8b465ee728b)
Start importing Assets/TextMesh Pro/Resources/Style Sheets/Default Style Sheet.asset using Guid(f952c082cb03451daed3ee968ac6c63e) Importer(815301076,1909f56bfc062723c751e8b465ee728b)  -> (artifact id: 'd33a6701aa356145549c80aff7ce1441') in 0.036423 seconds
  Import took 0.050494 seconds .

========================================================================
Received Import Request.
  Time since last request: 0.000349 seconds.
  path: Assets/TextMesh Pro/Sprites/EmojiOne.png
  artifactKey: Guid(dffef66376be4fa480fb02b19edbe903) Importer(815301076,1909f56bfc062723c751e8b465ee728b)
Start importing Assets/TextMesh Pro/Sprites/EmojiOne.png using Guid(dffef66376be4fa480fb02b19edbe903) Importer(815301076,1909f56bfc062723c751e8b465ee728b)  -> (artifact id: '91feb30e1fd5cdd6d83ef9e39322d015') in 0.214513 seconds
  Import took 0.222903 seconds .

========================================================================
Received Import Request.
  Time since last request: 0.000103 seconds.
  path: Assets/TextMesh Pro/Resources/Fonts & Materials/LiberationSans SDF - Outline.mat
  artifactKey: Guid(79459efec17a4d00a321bdcc27bbc385) Importer(815301076,1909f56bfc062723c751e8b465ee728b)
Start importing Assets/TextMesh Pro/Resources/Fonts & Materials/LiberationSans SDF - Outline.mat using Guid(79459efec17a4d00a321bdcc27bbc385) Importer(815301076,1909f56bfc062723c751e8b465ee728b)  -> (artifact id: 'ea981e594f82324db8f23d862db5905a') in 0.541491 seconds
  Import took 0.552138 seconds .

========================================================================
Received Import Request.
  Time since last request: 0.000491 seconds.
  path: Assets/TextMesh Pro/Resources/Fonts & Materials/LiberationSans SDF - Fallback.asset
  artifactKey: Guid(2e498d1c8094910479dc3e1b768306a4) Importer(815301076,1909f56bfc062723c751e8b465ee728b)
Start importing Assets/TextMesh Pro/Resources/Fonts & Materials/LiberationSans SDF - Fallback.asset using Guid(2e498d1c8094910479dc3e1b768306a4) Importer(815301076,1909f56bfc062723c751e8b465ee728b)  -> (artifact id: '08703116dd12705c38a1de66bf21badb') in 0.128347 seconds
  Import took 0.138619 seconds .

========================================================================
Received Import Request.
  Time since last request: 0.000332 seconds.
  path: Assets/TextMesh Pro/Resources/TMP Settings.asset
  artifactKey: Guid(3f5b5dff67a942289a9defa416b206f3) Importer(815301076,1909f56bfc062723c751e8b465ee728b)
Start importing Assets/TextMesh Pro/Resources/TMP Settings.asset using Guid(3f5b5dff67a942289a9defa416b206f3) Importer(815301076,1909f56bfc062723c751e8b465ee728b)  -> (artifact id: 'a3b17c3362e298de89141ede045b5a3f') in 0.111577 seconds
  Import took 0.120707 seconds .

========================================================================
Received Import Request.
  Time since last request: 0.000323 seconds.
  path: Assets/TextMesh Pro/Fonts/LiberationSans.ttf
  artifactKey: Guid(e3265ab4bf004d28a9537516768c1c75) Importer(815301076,1909f56bfc062723c751e8b465ee728b)
Start importing Assets/TextMesh Pro/Fonts/LiberationSans.ttf using Guid(e3265ab4bf004d28a9537516768c1c75) Importer(815301076,1909f56bfc062723c751e8b465ee728b)  -> (artifact id: 'fd46b5a0273d3e9ef3a4cca71b793534') in 0.026574 seconds
  Import took 0.034249 seconds .

========================================================================
Received Import Request.
  Time since last request: 0.000290 seconds.
  path: Assets/TextMesh Pro/Resources/Fonts & Materials/LiberationSans SDF - Drop Shadow.mat
  artifactKey: Guid(e73a58f6e2794ae7b1b7e50b7fb811b0) Importer(815301076,1909f56bfc062723c751e8b465ee728b)
Start importing Assets/TextMesh Pro/Resources/Fonts & Materials/LiberationSans SDF - Drop Shadow.mat using Guid(e73a58f6e2794ae7b1b7e50b7fb811b0) Importer(815301076,1909f56bfc062723c751e8b465ee728b)  -> (artifact id: '79283b60d061e338ee2f6bacda89100e') in 0.190658 seconds
  Import took 0.199844 seconds .

========================================================================
Received Import Request.
  Time since last request: 0.000330 seconds.
  path: Assets/TextMesh Pro/Resources/Fonts & Materials/LiberationSans SDF.asset
  artifactKey: Guid(8f586378b4e144a9851e7b34d9b748ee) Importer(815301076,1909f56bfc062723c751e8b465ee728b)
Start importing Assets/TextMesh Pro/Resources/Fonts & Materials/LiberationSans SDF.asset using Guid(8f586378b4e144a9851e7b34d9b748ee) Importer(815301076,1909f56bfc062723c751e8b465ee728b)  -> (artifact id: 'f0f92ecb4f3f1ef806cc396846415da6') in 0.089851 seconds
  Import took 0.099306 seconds .

========================================================================
Received Import Request.
  Time since last request: 0.000116 seconds.
  path: Assets/TextMesh Pro/Resources/Sprite Assets/EmojiOne.asset
  artifactKey: Guid(c41005c129ba4d66911b75229fd70b45) Importer(815301076,1909f56bfc062723c751e8b465ee728b)
Start importing Assets/TextMesh Pro/Resources/Sprite Assets/EmojiOne.asset using Guid(c41005c129ba4d66911b75229fd70b45) Importer(815301076,1909f56bfc062723c751e8b465ee728b)  -> (artifact id: 'e5fe2029a9a90bbf22de9afe0c5776d2') in 0.011492 seconds
  Import took 0.019776 seconds .

========================================================================
Received Prepare
Registering precompiled user dll's ...
Registered in 0.040637 seconds.
Begin MonoManager ReloadAssembly
Native extension for WindowsStandalone target not found
Native extension for WebGL target not found
Refreshing native plugins compatible for Editor in 0.73 ms, found 2 plugins.
Preloading 0 native plugins for Editor in 0.00 ms.
Mono: successfully reloaded assembly
- Completed reload, in  3.749 seconds
Platform modules already initialized, skipping
Shader 'Universal Render Pipeline/Particles/Lit': fallback shader 'Universal Render Pipeline/Particles/SimpleLit' not found
Refreshing native plugins compatible for Editor in 0.74 ms, found 2 plugins.
Preloading 0 native plugins for Editor in 0.00 ms.
Unloading 2599 Unused Serialized files (Serialized files now loaded: 0)
System memory in use before: 122.8 MB.
System memory in use after: 122.4 MB.

Unloading 26 unused Assets to reduce memory usage. Loaded Objects now: 3311.
Total: 5.705503 ms (FindLiveObjects: 0.483726 ms CreateObjectMapping: 0.325397 ms MarkObjects: 4.325778 ms  DeleteObjects: 0.568545 ms)

========================================================================
Received Prepare
Registering precompiled user dll's ...
Registered in 0.006884 seconds.
Begin MonoManager ReloadAssembly
Native extension for WindowsStandalone target not found
Native extension for WebGL target not found
Refreshing native plugins compatible for Editor in 0.86 ms, found 2 plugins.
Preloading 0 native plugins for Editor in 0.00 ms.
Mono: successfully reloaded assembly
- Completed reload, in  2.207 seconds
Platform modules already initialized, skipping
Shader 'Universal Render Pipeline/Particles/Lit': fallback shader 'Universal Render Pipeline/Particles/SimpleLit' not found
Refreshing native plugins compatible for Editor in 1.12 ms, found 2 plugins.
Preloading 0 native plugins for Editor in 0.00 ms.
Unloading 2598 Unused Serialized files (Serialized files now loaded: 0)
System memory in use before: 122.8 MB.
System memory in use after: 122.4 MB.

Unloading 26 unused Assets to reduce memory usage. Loaded Objects now: 3314.
Total: 6.655477 ms (FindLiveObjects: 0.631774 ms CreateObjectMapping: 0.376289 ms MarkObjects: 4.943672 ms  DeleteObjects: 0.700144 ms)

========================================================================
Received Prepare
Registering precompiled user dll's ...
Registered in 0.005441 seconds.
Begin MonoManager ReloadAssembly
Native extension for WindowsStandalone target not found
Native extension for WebGL target not found
Refreshing native plugins compatible for Editor in 0.77 ms, found 2 plugins.
Preloading 0 native plugins for Editor in 0.00 ms.
Mono: successfully reloaded assembly
- Completed reload, in  2.098 seconds
Platform modules already initialized, skipping
Shader 'Universal Render Pipeline/Particles/Lit': fallback shader 'Universal Render Pipeline/Particles/SimpleLit' not found
Refreshing native plugins compatible for Editor in 1.51 ms, found 2 plugins.
Preloading 0 native plugins for Editor in 0.00 ms.
Unloading 2598 Unused Serialized files (Serialized files now loaded: 0)
System memory in use before: 122.7 MB.
System memory in use after: 122.3 MB.

Unloading 26 unused Assets to reduce memory usage. Loaded Objects now: 3317.
Total: 9.011394 ms (FindLiveObjects: 0.845621 ms CreateObjectMapping: 0.480642 ms MarkObjects: 6.577855 ms  DeleteObjects: 1.104191 ms)

========================================================================
Received Prepare
Registering precompiled user dll's ...
Registered in 0.006626 seconds.
Begin MonoManager ReloadAssembly
Native extension for WindowsStandalone target not found
Native extension for WebGL target not found
Refreshing native plugins compatible for Editor in 0.72 ms, found 2 plugins.
Preloading 0 native plugins for Editor in 0.00 ms.
Mono: successfully reloaded assembly
- Completed reload, in  2.068 seconds
Platform modules already initialized, skipping
Shader 'Universal Render Pipeline/Particles/Lit': fallback shader 'Universal Render Pipeline/Particles/SimpleLit' not found
Refreshing native plugins compatible for Editor in 1.19 ms, found 2 plugins.
Preloading 0 native plugins for Editor in 0.00 ms.
Unloading 2598 Unused Serialized files (Serialized files now loaded: 0)
System memory in use before: 122.7 MB.
System memory in use after: 122.4 MB.

Unloading 26 unused Assets to reduce memory usage. Loaded Objects now: 3320.
Total: 6.633373 ms (FindLiveObjects: 0.628690 ms CreateObjectMapping: 0.326939 ms MarkObjects: 4.971945 ms  DeleteObjects: 0.702714 ms)

========================================================================
Received Prepare
Registering precompiled user dll's ...
Registered in 0.007885 seconds.
Begin MonoManager ReloadAssembly
Native extension for WindowsStandalone target not found
Native extension for WebGL target not found
Refreshing native plugins compatible for Editor in 0.72 ms, found 2 plugins.
Preloading 0 native plugins for Editor in 0.00 ms.
Mono: successfully reloaded assembly
- Completed reload, in  2.316 seconds
Platform modules already initialized, skipping
Shader 'Universal Render Pipeline/Particles/Lit': fallback shader 'Universal Render Pipeline/Particles/SimpleLit' not found
Refreshing native plugins compatible for Editor in 1.16 ms, found 2 plugins.
Preloading 0 native plugins for Editor in 0.00 ms.
Unloading 2598 Unused Serialized files (Serialized files now loaded: 0)
System memory in use before: 122.8 MB.
System memory in use after: 122.4 MB.

Unloading 26 unused Assets to reduce memory usage. Loaded Objects now: 3323.
Total: 9.481241 ms (FindLiveObjects: 1.439356 ms CreateObjectMapping: 0.621493 ms MarkObjects: 6.756746 ms  DeleteObjects: 0.661075 ms)

========================================================================
Received Prepare
Registering precompiled user dll's ...
Registered in 0.005597 seconds.
Begin MonoManager ReloadAssembly
Native extension for WindowsStandalone target not found
Native extension for WebGL target not found
Refreshing native plugins compatible for Editor in 0.89 ms, found 2 plugins.
Preloading 0 native plugins for Editor in 0.00 ms.
Mono: successfully reloaded assembly
- Completed reload, in  2.311 seconds
Platform modules already initialized, skipping
Shader 'Universal Render Pipeline/Particles/Lit': fallback shader 'Universal Render Pipeline/Particles/SimpleLit' not found
Refreshing native plugins compatible for Editor in 0.78 ms, found 2 plugins.
Preloading 0 native plugins for Editor in 0.00 ms.
Unloading 2598 Unused Serialized files (Serialized files now loaded: 0)
System memory in use before: 122.8 MB.
System memory in use after: 122.4 MB.

Unloading 26 unused Assets to reduce memory usage. Loaded Objects now: 3326.
Total: 5.648443 ms (FindLiveObjects: 0.547469 ms CreateObjectMapping: 0.225156 ms MarkObjects: 4.233248 ms  DeleteObjects: 0.639999 ms)

========================================================================
Received Prepare
Registering precompiled user dll's ...
Registered in 0.005828 seconds.
Begin MonoManager ReloadAssembly
Native extension for WindowsStandalone target not found
Native extension for WebGL target not found
Refreshing native plugins compatible for Editor in 0.72 ms, found 2 plugins.
Preloading 0 native plugins for Editor in 0.00 ms.
Mono: successfully reloaded assembly
- Completed reload, in  2.232 seconds
Platform modules already initialized, skipping
Shader 'Universal Render Pipeline/Particles/Lit': fallback shader 'Universal Render Pipeline/Particles/SimpleLit' not found
Refreshing native plugins compatible for Editor in 1.14 ms, found 2 plugins.
Preloading 0 native plugins for Editor in 0.00 ms.
Unloading 2598 Unused Serialized files (Serialized files now loaded: 0)
System memory in use before: 122.8 MB.
System memory in use after: 122.4 MB.

Unloading 26 unused Assets to reduce memory usage. Loaded Objects now: 3329.
Total: 10.711376 ms (FindLiveObjects: 0.853332 ms CreateObjectMapping: 0.348530 ms MarkObjects: 8.653097 ms  DeleteObjects: 0.853332 ms)

========================================================================
Received Prepare
Registering precompiled user dll's ...
Registered in 0.006610 seconds.
Begin MonoManager ReloadAssembly
Native extension for WindowsStandalone target not found
Native extension for WebGL target not found
Refreshing native plugins compatible for Editor in 0.93 ms, found 2 plugins.
Preloading 0 native plugins for Editor in 0.00 ms.
Mono: successfully reloaded assembly
- Completed reload, in  2.026 seconds
Platform modules already initialized, skipping
Shader 'Universal Render Pipeline/Particles/Lit': fallback shader 'Universal Render Pipeline/Particles/SimpleLit' not found
Refreshing native plugins compatible for Editor in 1.14 ms, found 2 plugins.
Preloading 0 native plugins for Editor in 0.00 ms.
Unloading 2598 Unused Serialized files (Serialized files now loaded: 0)
System memory in use before: 122.8 MB.
System memory in use after: 122.4 MB.

Unloading 26 unused Assets to reduce memory usage. Loaded Objects now: 3332.
Total: 6.380458 ms (FindLiveObjects: 0.655935 ms CreateObjectMapping: 0.367036 ms MarkObjects: 4.667110 ms  DeleteObjects: 0.688320 ms)

========================================================================
Received Prepare
Registering precompiled user dll's ...
Registered in 0.006864 seconds.
Begin MonoManager ReloadAssembly
Native extension for WindowsStandalone target not found
Native extension for WebGL target not found
Refreshing native plugins compatible for Editor in 0.90 ms, found 2 plugins.
Preloading 0 native plugins for Editor in 0.00 ms.
Mono: successfully reloaded assembly
- Completed reload, in  2.147 seconds
Platform modules already initialized, skipping
Shader 'Universal Render Pipeline/Particles/Lit': fallback shader 'Universal Render Pipeline/Particles/SimpleLit' not found
Refreshing native plugins compatible for Editor in 1.15 ms, found 2 plugins.
Preloading 0 native plugins for Editor in 0.00 ms.
Unloading 2598 Unused Serialized files (Serialized files now loaded: 0)
System memory in use before: 122.8 MB.
System memory in use after: 122.4 MB.

Unloading 26 unused Assets to reduce memory usage. Loaded Objects now: 3335.
Total: 7.069292 ms (FindLiveObjects: 0.963340 ms CreateObjectMapping: 0.370120 ms MarkObjects: 5.035174 ms  DeleteObjects: 0.697573 ms)

========================================================================
Received Prepare
Registering precompiled user dll's ...
Registered in 0.005103 seconds.
Begin MonoManager ReloadAssembly
Native extension for WindowsStandalone target not found
Native extension for WebGL target not found
Refreshing native plugins compatible for Editor in 0.96 ms, found 2 plugins.
Preloading 0 native plugins for Editor in 0.00 ms.
Mono: successfully reloaded assembly
- Completed reload, in  1.857 seconds
Platform modules already initialized, skipping
Shader 'Universal Render Pipeline/Particles/Lit': fallback shader 'Universal Render Pipeline/Particles/SimpleLit' not found
Refreshing native plugins compatible for Editor in 1.23 ms, found 2 plugins.
Preloading 0 native plugins for Editor in 0.00 ms.
Unloading 2598 Unused Serialized files (Serialized files now loaded: 0)
System memory in use before: 122.8 MB.
System memory in use after: 122.4 MB.

Unloading 26 unused Assets to reduce memory usage. Loaded Objects now: 3338.
Total: 6.733100 ms (FindLiveObjects: 0.654393 ms CreateObjectMapping: 0.323341 ms MarkObjects: 5.031062 ms  DeleteObjects: 0.721734 ms)

========================================================================
Received Import Request.
  Time since last request: 5217.225339 seconds.
  path: Assets/Scripts/GameScreen/MainManager.cs
  artifactKey: Guid(d110623a642692246a42fbc2d8d89884) Importer(815301076,1909f56bfc062723c751e8b465ee728b)
Start importing Assets/Scripts/GameScreen/MainManager.cs using Guid(d110623a642692246a42fbc2d8d89884) Importer(815301076,1909f56bfc062723c751e8b465ee728b)  -> (artifact id: '186661b7cd90be2f0d9c80a8ae40845c') in 0.010615 seconds
  Import took 0.022610 seconds .

========================================================================
Received Import Request.
  Time since last request: 0.052782 seconds.
  path: Assets/Scripts/GameScreen/MainManager.cs
  artifactKey: Guid(d110623a642692246a42fbc2d8d89884) Importer(815301076,1909f56bfc062723c751e8b465ee728b)
Start importing Assets/Scripts/GameScreen/MainManager.cs using Guid(d110623a642692246a42fbc2d8d89884) Importer(815301076,1909f56bfc062723c751e8b465ee728b)  -> (artifact id: '186661b7cd90be2f0d9c80a8ae40845c') in 0.007341 seconds
  Import took 0.020157 seconds .

========================================================================
Received Import Request.
  Time since last request: 7.664800 seconds.
  path: Assets/Scenes/menu.unity
  artifactKey: Guid(7c3e31750f6ebc145a6e0797f8c3ef5e) Importer(815301076,1909f56bfc062723c751e8b465ee728b)
Start importing Assets/Scenes/menu.unity using Guid(7c3e31750f6ebc145a6e0797f8c3ef5e) Importer(815301076,1909f56bfc062723c751e8b465ee728b)  -> (artifact id: 'af022c630478cd323c516c222382299d') in 0.025361 seconds
  Import took 0.034035 seconds .

========================================================================
Received Import Request.
  Time since last request: 0.001947 seconds.
  path: Assets/Scenes/menu.unity
  artifactKey: Guid(7c3e31750f6ebc145a6e0797f8c3ef5e) Importer(815301076,1909f56bfc062723c751e8b465ee728b)
Start importing Assets/Scenes/menu.unity using Guid(7c3e31750f6ebc145a6e0797f8c3ef5e) Importer(815301076,1909f56bfc062723c751e8b465ee728b)  -> (artifact id: 'af022c630478cd323c516c222382299d') in 0.007389 seconds
  Import took 0.016765 seconds .

========================================================================
Received Prepare
Registering precompiled user dll's ...
Registered in 0.005992 seconds.
Begin MonoManager ReloadAssembly
Native extension for WindowsStandalone target not found
Native extension for WebGL target not found
Refreshing native plugins compatible for Editor in 1.02 ms, found 2 plugins.
Preloading 0 native plugins for Editor in 0.00 ms.
Mono: successfully reloaded assembly
- Completed reload, in  1.977 seconds
Platform modules already initialized, skipping
Shader 'Universal Render Pipeline/Particles/Lit': fallback shader 'Universal Render Pipeline/Particles/SimpleLit' not found
Refreshing native plugins compatible for Editor in 1.42 ms, found 2 plugins.
Preloading 0 native plugins for Editor in 0.00 ms.
Unloading 2598 Unused Serialized files (Serialized files now loaded: 0)
System memory in use before: 122.8 MB.
System memory in use after: 122.4 MB.

Unloading 26 unused Assets to reduce memory usage. Loaded Objects now: 3341.
Total: 6.727445 ms (FindLiveObjects: 0.648224 ms CreateObjectMapping: 0.321285 ms MarkObjects: 5.049054 ms  DeleteObjects: 0.705798 ms)

========================================================================
Received Prepare
Registering precompiled user dll's ...
Registered in 0.005164 seconds.
Begin MonoManager ReloadAssembly
Native extension for WindowsStandalone target not found
Native extension for WebGL target not found
Refreshing native plugins compatible for Editor in 0.72 ms, found 2 plugins.
Preloading 0 native plugins for Editor in 0.00 ms.
Mono: successfully reloaded assembly
- Completed reload, in  2.032 seconds
Platform modules already initialized, skipping
Shader 'Universal Render Pipeline/Particles/Lit': fallback shader 'Universal Render Pipeline/Particles/SimpleLit' not found
Refreshing native plugins compatible for Editor in 1.09 ms, found 2 plugins.
Preloading 0 native plugins for Editor in 0.00 ms.
Unloading 2598 Unused Serialized files (Serialized files now loaded: 0)
System memory in use before: 122.8 MB.
System memory in use after: 122.4 MB.

Unloading 26 unused Assets to reduce memory usage. Loaded Objects now: 3344.
Total: 10.328404 ms (FindLiveObjects: 0.692433 ms CreateObjectMapping: 0.349558 ms MarkObjects: 8.284519 ms  DeleteObjects: 0.991613 ms)

========================================================================
Received Prepare
Registering precompiled user dll's ...
Registered in 0.007334 seconds.
Begin MonoManager ReloadAssembly
Native extension for WindowsStandalone target not found
Native extension for WebGL target not found
Refreshing native plugins compatible for Editor in 0.72 ms, found 2 plugins.
Preloading 0 native plugins for Editor in 0.00 ms.
Mono: successfully reloaded assembly
- Completed reload, in  2.185 seconds
Platform modules already initialized, skipping
Shader 'Universal Render Pipeline/Particles/Lit': fallback shader 'Universal Render Pipeline/Particles/SimpleLit' not found
Refreshing native plugins compatible for Editor in 1.14 ms, found 2 plugins.
Preloading 0 native plugins for Editor in 0.00 ms.
Unloading 2598 Unused Serialized files (Serialized files now loaded: 0)
System memory in use before: 122.8 MB.
System memory in use after: 122.4 MB.

Unloading 26 unused Assets to reduce memory usage. Loaded Objects now: 3347.
Total: 8.512246 ms (FindLiveObjects: 1.069236 ms CreateObjectMapping: 0.813750 ms MarkObjects: 5.904442 ms  DeleteObjects: 0.721734 ms)

========================================================================
Received Prepare
Registering precompiled user dll's ...
Registered in 0.005695 seconds.
Begin MonoManager ReloadAssembly
Native extension for WindowsStandalone target not found
Native extension for WebGL target not found
Refreshing native plugins compatible for Editor in 0.73 ms, found 2 plugins.
Preloading 0 native plugins for Editor in 0.00 ms.
Mono: successfully reloaded assembly
- Completed reload, in  2.017 seconds
Platform modules already initialized, skipping
Shader 'Universal Render Pipeline/Particles/Lit': fallback shader 'Universal Render Pipeline/Particles/SimpleLit' not found
Refreshing native plugins compatible for Editor in 1.13 ms, found 2 plugins.
Preloading 0 native plugins for Editor in 0.00 ms.
Unloading 2598 Unused Serialized files (Serialized files now loaded: 0)
System memory in use before: 122.8 MB.
System memory in use after: 122.4 MB.

Unloading 26 unused Assets to reduce memory usage. Loaded Objects now: 3350.
Total: 7.790512 ms (FindLiveObjects: 0.970537 ms CreateObjectMapping: 0.520224 ms MarkObjects: 5.594981 ms  DeleteObjects: 0.702714 ms)

========================================================================
Received Prepare
Registering precompiled user dll's ...
Registered in 0.004981 seconds.
Begin MonoManager ReloadAssembly
Native extension for WindowsStandalone target not found
Native extension for WebGL target not found
Refreshing native plugins compatible for Editor in 0.71 ms, found 2 plugins.
Preloading 0 native plugins for Editor in 0.00 ms.
Mono: successfully reloaded assembly
- Completed reload, in  1.745 seconds
Platform modules already initialized, skipping
Shader 'Universal Render Pipeline/Particles/Lit': fallback shader 'Universal Render Pipeline/Particles/SimpleLit' not found
Refreshing native plugins compatible for Editor in 1.17 ms, found 2 plugins.
Preloading 0 native plugins for Editor in 0.00 ms.
Unloading 2598 Unused Serialized files (Serialized files now loaded: 0)
System memory in use before: 122.8 MB.
System memory in use after: 122.4 MB.

Unloading 26 unused Assets to reduce memory usage. Loaded Objects now: 3353.
Total: 6.815863 ms (FindLiveObjects: 0.638971 ms CreateObjectMapping: 0.333108 ms MarkObjects: 5.137985 ms  DeleteObjects: 0.702714 ms)

========================================================================
Received Prepare
Registering precompiled user dll's ...
Registered in 0.004963 seconds.
Begin MonoManager ReloadAssembly
Native extension for WindowsStandalone target not found
Native extension for WebGL target not found
Refreshing native plugins compatible for Editor in 1.10 ms, found 2 plugins.
Preloading 0 native plugins for Editor in 0.00 ms.
Mono: successfully reloaded assembly
- Completed reload, in  2.119 seconds
Platform modules already initialized, skipping
Shader 'Universal Render Pipeline/Particles/Lit': fallback shader 'Universal Render Pipeline/Particles/SimpleLit' not found
Refreshing native plugins compatible for Editor in 1.15 ms, found 2 plugins.
Preloading 0 native plugins for Editor in 0.00 ms.
Unloading 2598 Unused Serialized files (Serialized files now loaded: 0)
System memory in use before: 122.8 MB.
System memory in use after: 122.4 MB.

Unloading 26 unused Assets to reduce memory usage. Loaded Objects now: 3356.
Total: 7.902576 ms (FindLiveObjects: 1.508239 ms CreateObjectMapping: 0.616353 ms MarkObjects: 5.061391 ms  DeleteObjects: 0.710939 ms)

========================================================================
Received Prepare
Registering precompiled user dll's ...
Registered in 0.008183 seconds.
Begin MonoManager ReloadAssembly
Native extension for WindowsStandalone target not found
Native extension for WebGL target not found
Refreshing native plugins compatible for Editor in 1.00 ms, found 2 plugins.
Preloading 0 native plugins for Editor in 0.00 ms.
Mono: successfully reloaded assembly
- Completed reload, in  2.087 seconds
Platform modules already initialized, skipping
Shader 'Universal Render Pipeline/Particles/Lit': fallback shader 'Universal Render Pipeline/Particles/SimpleLit' not found
Refreshing native plugins compatible for Editor in 1.18 ms, found 2 plugins.
Preloading 0 native plugins for Editor in 0.00 ms.
Unloading 2598 Unused Serialized files (Serialized files now loaded: 0)
System memory in use before: 122.8 MB.
System memory in use after: 122.4 MB.

Unloading 26 unused Assets to reduce memory usage. Loaded Objects now: 3359.
Total: 8.517387 ms (FindLiveObjects: 1.380239 ms CreateObjectMapping: 0.569060 ms MarkObjects: 5.871543 ms  DeleteObjects: 0.689863 ms)

========================================================================
Received Prepare
Registering precompiled user dll's ...
Registered in 0.007244 seconds.
Begin MonoManager ReloadAssembly
Native extension for WindowsStandalone target not found
Native extension for WebGL target not found
Refreshing native plugins compatible for Editor in 0.91 ms, found 2 plugins.
Preloading 0 native plugins for Editor in 0.00 ms.
Mono: successfully reloaded assembly
- Completed reload, in  2.068 seconds
Platform modules already initialized, skipping
Shader 'Universal Render Pipeline/Particles/Lit': fallback shader 'Universal Render Pipeline/Particles/SimpleLit' not found
Refreshing native plugins compatible for Editor in 1.14 ms, found 2 plugins.
Preloading 0 native plugins for Editor in 0.00 ms.
Unloading 2598 Unused Serialized files (Serialized files now loaded: 0)
System memory in use before: 122.8 MB.
System memory in use after: 122.5 MB.

Unloading 26 unused Assets to reduce memory usage. Loaded Objects now: 3362.
Total: 6.874979 ms (FindLiveObjects: 0.656963 ms CreateObjectMapping: 0.353156 ms MarkObjects: 5.153921 ms  DeleteObjects: 0.708883 ms)

========================================================================
Received Prepare
Registering precompiled user dll's ...
Registered in 0.014140 seconds.
Begin MonoManager ReloadAssembly
Native extension for WindowsStandalone target not found
Native extension for WebGL target not found
Refreshing native plugins compatible for Editor in 1.47 ms, found 2 plugins.
Preloading 0 native plugins for Editor in 0.00 ms.
Mono: successfully reloaded assembly
- Completed reload, in  4.633 seconds
Platform modules already initialized, skipping
Shader 'Universal Render Pipeline/Particles/Lit': fallback shader 'Universal Render Pipeline/Particles/SimpleLit' not found
Refreshing native plugins compatible for Editor in 1.50 ms, found 2 plugins.
Preloading 0 native plugins for Editor in 0.00 ms.
Unloading 2598 Unused Serialized files (Serialized files now loaded: 0)
System memory in use before: 122.8 MB.
System memory in use after: 122.5 MB.

Unloading 26 unused Assets to reduce memory usage. Loaded Objects now: 3365.
Total: 12.015535 ms (FindLiveObjects: 1.070264 ms CreateObjectMapping: 0.749493 ms MarkObjects: 8.928631 ms  DeleteObjects: 1.256866 ms)

========================================================================
Received Prepare
Registering precompiled user dll's ...
Registered in 0.016999 seconds.
Begin MonoManager ReloadAssembly
Native extension for WindowsStandalone target not found
Native extension for WebGL target not found
Refreshing native plugins compatible for Editor in 0.87 ms, found 2 plugins.
Preloading 0 native plugins for Editor in 0.00 ms.
Mono: successfully reloaded assembly
- Completed reload, in  3.701 seconds
Platform modules already initialized, skipping
Shader 'Universal Render Pipeline/Particles/Lit': fallback shader 'Universal Render Pipeline/Particles/SimpleLit' not found
Refreshing native plugins compatible for Editor in 0.79 ms, found 2 plugins.
Preloading 0 native plugins for Editor in 0.00 ms.
Unloading 2598 Unused Serialized files (Serialized files now loaded: 0)
System memory in use before: 122.9 MB.
System memory in use after: 122.5 MB.

Unloading 26 unused Assets to reduce memory usage. Loaded Objects now: 3368.
Total: 7.124810 ms (FindLiveObjects: 0.633316 ms CreateObjectMapping: 0.321799 ms MarkObjects: 5.453101 ms  DeleteObjects: 0.714023 ms)

